Connecting to RabbitMQ at 100.113.228.22:5672...
Fatal listener error: 
Traceback (most recent call last):
  File "/var/www/html/rabbitmq/frontend_receive.py", line 2, in <module>
    import pika
ModuleNotFoundError: No module named 'pika'
Traceback (most recent call last):
  File "/var/www/html/rabbitmq/frontend_receive.py", line 2, in <module>
    import pika
ModuleNotFoundError: No module named 'pika'
Connecting to RabbitMQ at 100.113.228.22:5672...
Listening on queue 'BACKEND2_TO_FRONT'...


Received Backend2 message:
{
    "Flag": "Register_Allowed",
    "UserID": 42,
    "Message": "User 'user2' successfully registered.",
    "Timestamp": 1763353419.7286508
}
response_status.json updated.


Received Backend2 message:
{
    "Flag": "error",
    "Message": "Session not found or expired.",
    "Timestamp": 1763353600.9465702
}
response_status.json updated.


Received Backend2 message:
{
    "Flag": "game_started",
    "SessionID": "70e3a5ca-bc0e-4c9e-a4d7-f203b077f2e9",
    "Username": "user18",
    "Message": "Game started. First hint appears after your first incorrect guess.",
    "Poster": "",
    "Timestamp": 1763353685.5642629
}
response_status.json updated.


Received Backend2 message:
{
    "Flag": "game_started",
    "SessionID": "70e3a5ca-bc0e-4c9e-a4d7-f203b077f2e9",
    "Username": "user18",
    "Message": "Game started. First hint appears after your first incorrect guess.",
    "Poster": "",
    "Timestamp": 1763353686.2129467
}
response_status.json updated.


Received Backend2 message:
{
    "Flag": "error",
    "Message": "Session not found or expired.",
    "Timestamp": 1763353734.8821754
}
response_status.json updated.


Received Backend2 message:
{
    "Flag": "guess_feedback",
    "SessionID": "70e3a5ca-bc0e-4c9e-a4d7-f203b077f2e9",
    "Username": "guest",
    "Attempts": 1,
    "Message": "\u274c Incorrect guess. Try again!",
    "NextHint": "Director: Mike Figgis",
    "Overlaps": {
        "DirectorMatch": false,
        "SharedActors": [],
        "SharedGenres": [
            "Crime"
        ]
    },
    "Timestamp": 1763353792.3834658
}
response_status.json updated.


Received Backend2 message:
{
    "Flag": "game_started",
    "SessionID": "70e3a5ca-bc0e-4c9e-a4d7-f203b077f2e9",
    "Username": "user18",
    "Message": "Game started. First hint appears after your first incorrect guess.",
    "Poster": "",
    "Timestamp": 1763353814.28099
}
response_status.json updated.


Received Backend2 message:
{
    "Flag": "guess_feedback",
    "SessionID": "70e3a5ca-bc0e-4c9e-a4d7-f203b077f2e9",
    "Username": "guest",
    "Attempts": 1,
    "Message": "\u274c Incorrect guess. Try again!",
    "NextHint": "Director: Lakisha R. Lemons",
    "Overlaps": {
        "DirectorMatch": false,
        "SharedActors": [],
        "SharedGenres": [
            "Drama"
        ]
    },
    "Timestamp": 1763357050.5403242
}
response_status.json updated.


Received Backend2 message:
{
    "Flag": "guess_feedback",
    "SessionID": "f8403352-1fea-43ab-9b27-bb8c35a50e5f",
    "Username": "guest",
    "Attempts": 1,
    "NextHint": "Director: Amy Heckerling",
    "Overlaps": {
        "DirectorMatch": true,
        "SharedActors": [],
        "SharedGenres": []
    },
    "Message": "Incorrect guess.",
    "Timestamp": 1763357952.1174757
}
response_status.json updated.


Received Backend2 message:
{
    "Flag": "game_started",
    "SessionID": "cef9fb89-52f8-4e0c-8a31-926e5476aa7f",
    "Username": "guest",
    "Message": "Game started. First hint appears after your first incorrect guess.",
    "Poster": "https://image.tmdb.org/t/p/w500/18noK73D7RrvqeHw6gOHVNtOkqw.jpg",
    "Timestamp": 1763358078.433015
}
response_status.json updated.


Received Backend2 message:
{
    "Flag": "game_started",
    "SessionID": "cef9fb89-52f8-4e0c-8a31-926e5476aa7f",
    "Username": "guest",
    "Message": "Game started!",
    "Poster": "https://image.tmdb.org/t/p/w500/8AwVTcgpTnmeOs4TdTWqcFDXEsA.jpg",
    "Timestamp": 1763358131.7250552
}
response_status.json updated.


Received Backend2 message:
{
    "Flag": "error",
    "Message": "Session not found or expired.",
    "Timestamp": 1763358188.407652
}
response_status.json updated.


Received Backend2 message:
{
    "Flag": "game_started",
    "SessionID": "cef9fb89-52f8-4e0c-8a31-926e5476aa7f",
    "Username": "guest",
    "Message": "Game started. First hint appears after your first incorrect guess.",
    "Poster": "https://image.tmdb.org/t/p/w500/kMIiBztK0PgwIQ0FMItv4dd8wIL.jpg",
    "Timestamp": 1763358298.3021016
}
response_status.json updated.

Connecting to RabbitMQ at 100.113.228.22:5672...
Listening on queue 'BACKEND2_TO_FRONT'...


Received Backend2 message:
{
    "Flag": "guess_feedback",
    "SessionID": "cef9fb89-52f8-4e0c-8a31-926e5476aa7f",
    "Username": "guest",
    "Attempts": 1,
    "Message": "\u274c Incorrect guess. Try again!",
    "NextHint": "Director: Byron Howard",
    "Overlaps": {
        "DirectorMatch": true,
        "SharedActors": [],
        "SharedGenres": [
            "Comedy"
        ]
    },
    "Timestamp": 1763359199.1612468
}
response_status.json updated.


Received Backend2 message:
{
    "Flag": "guess_feedback",
    "SessionID": "cef9fb89-52f8-4e0c-8a31-926e5476aa7f",
    "Username": "guest",
    "Attempts": 3,
    "Message": "\u274c Incorrect guess. Try again!",
    "NextHint": "Tagline: There's a little magic in all of us...almost all of us.",
    "Overlaps": {
        "DirectorMatch": true,
        "SharedActors": [
            "Stephanie Beatriz",
            "Mar\u00eda Cecilia Botero",
            "John Leguizamo"
        ],
        "SharedGenres": [
            "Comedy"
        ]
    },
    "Timestamp": 1763359230.5830781
}
response_status.json updated.


Received Backend2 message:
{
    "Flag": "error",
    "Message": "Session not found or expired.",
    "Timestamp": 1763359253.066659
}
response_status.json updated.

Connecting to RabbitMQ at 100.113.228.22:5672...
Listening on queue 'BACKEND2_TO_FRONT'...


Received Backend2 message:
{
    "Flag": "guess_feedback",
    "SessionID": "cef9fb89-52f8-4e0c-8a31-926e5476aa7f",
    "Username": "guest",
    "Attempts": 1,
    "Message": "\u274c Incorrect guess. Try again!",
    "NextHint": "Director: Lee Cronin",
    "Overlaps": {
        "DirectorMatch": true,
        "SharedActors": [],
        "SharedGenres": [
            "Thriller"
        ]
    },
    "Timestamp": 1763359426.5794039
}
response_status.json updated.

Connecting to RabbitMQ at 100.113.228.22:5672...
Listening on queue 'BACKEND2_TO_FRONT'...


Received Backend2 message:
{
    "Flag": "game_started",
    "SessionID": "cef9fb89-52f8-4e0c-8a31-926e5476aa7f",
    "Username": "guest",
    "Message": "Game started. First hint appears after your first incorrect guess.",
    "Poster": "https://image.tmdb.org/t/p/w500/5ik4ATKmNtmJU6AYD0bLm56BCVM.jpg",
    "Timestamp": 1763359679.6485858
}
response_status.json updated.


Received Backend2 message:
{
    "Flag": "guess_feedback",
    "SessionID": "cef9fb89-52f8-4e0c-8a31-926e5476aa7f",
    "Username": "guest",
    "Attempts": 1,
    "Message": "\u274c Incorrect guess. Try again!",
    "NextHint": "Director: Lee Cronin",
    "Overlaps": {
        "DirectorMatch": true,
        "SharedActors": [],
        "SharedGenres": [
            "Thriller"
        ]
    },
    "Timestamp": 1763359686.4639595
}
response_status.json updated.


Received Backend2 message:
{
    "Flag": "guess_feedback",
    "SessionID": "cef9fb89-52f8-4e0c-8a31-926e5476aa7f",
    "Username": "guest",
    "Attempts": 2,
    "Message": "\u274c Incorrect guess. Try again!",
    "NextHint": "Actor: Lily Sullivan",
    "Overlaps": {
        "DirectorMatch": true,
        "SharedActors": [
            "Lily Sullivan",
            "Alyssa Sutherland",
            "Morgan Davies"
        ],
        "SharedGenres": [
            "Thriller"
        ]
    },
    "Timestamp": 1763359689.6112046
}
response_status.json updated.


Received Backend2 message:
{
    "Flag": "guess_feedback",
    "SessionID": "cef9fb89-52f8-4e0c-8a31-926e5476aa7f",
    "Username": "guest",
    "Attempts": 3,
    "Message": "\u274c Incorrect guess. Try again!",
    "NextHint": "Tagline: Mommy loves you to death.",
    "Overlaps": {
        "DirectorMatch": true,
        "SharedActors": [
            "Lily Sullivan",
            "Alyssa Sutherland",
            "Morgan Davies"
        ],
        "SharedGenres": [
            "Thriller"
        ]
    },
    "Timestamp": 1763359701.182979
}
response_status.json updated.


Received Backend2 message:
{
    "Flag": "guess_feedback",
    "SessionID": "cef9fb89-52f8-4e0c-8a31-926e5476aa7f",
    "Username": "guest",
    "Attempts": 4,
    "Message": "\u274c Incorrect guess. Try again!",
    "NextHint": "Plot: A reunion between two estranged sisters gets cut short by the rise of flesh-possessing demons, thrusting them into a primal battle for survival as they face the most nightmarish version of family imaginable.",
    "Overlaps": {
        "DirectorMatch": true,
        "SharedActors": [
            "Lily Sullivan",
            "Alyssa Sutherland",
            "Morgan Davies"
        ],
        "SharedGenres": [
            "Thriller"
        ]
    },
    "Timestamp": 1763359704.5334153
}
response_status.json updated.


Received Backend2 message:
{
    "Flag": "game_lost",
    "SessionID": "cef9fb89-52f8-4e0c-8a31-926e5476aa7f",
    "Username": "guest",
    "Attempts": 5,
    "Message": "\u274c You lost! The movie was 'Evil Dead Rise'.",
    "Timestamp": 1763359709.2092688
}
response_status.json updated.


Received Backend2 message:
{
    "Flag": "game_started",
    "SessionID": "cef9fb89-52f8-4e0c-8a31-926e5476aa7f",
    "Username": "guest",
    "Message": "Game started!",
    "Poster": "https://image.tmdb.org/t/p/w500/8AwVTcgpTnmeOs4TdTWqcFDXEsA.jpg",
    "Timestamp": 1763359770.89351
}
response_status.json updated.


Received Backend2 message:
{
    "Flag": "guess_feedback",
    "SessionID": "cef9fb89-52f8-4e0c-8a31-926e5476aa7f",
    "Username": "guest",
    "Attempts": 1,
    "NextHint": "Director: Amy Heckerling",
    "Overlaps": {
        "DirectorMatch": true,
        "SharedActors": [],
        "SharedGenres": [
            "Comedy",
            "Romance"
        ]
    },
    "Message": "Incorrect guess.",
    "Timestamp": 1763359777.8198035
}
response_status.json updated.


Received Backend2 message:
{
    "Flag": "guess_feedback",
    "SessionID": "cef9fb89-52f8-4e0c-8a31-926e5476aa7f",
    "Username": "guest",
    "Attempts": 2,
    "NextHint": "Actor: Alicia Silverstone",
    "Overlaps": {
        "DirectorMatch": true,
        "SharedActors": [
            "Alicia Silverstone",
            "Stacey Dash",
            "Brittany Murphy"
        ],
        "SharedGenres": [
            "Comedy",
            "Romance"
        ]
    },
    "Message": "Incorrect guess.",
    "Timestamp": 1763359784.3384287
}
response_status.json updated.


Received Backend2 message:
{
    "Flag": "guess_feedback",
    "SessionID": "cef9fb89-52f8-4e0c-8a31-926e5476aa7f",
    "Username": "guest",
    "Attempts": 3,
    "NextHint": "Tagline: Sex. Clothes. Popularity. Is there a problem here?",
    "Overlaps": {
        "DirectorMatch": true,
        "SharedActors": [
            "Alicia Silverstone",
            "Stacey Dash",
            "Brittany Murphy"
        ],
        "SharedGenres": [
            "Comedy",
            "Romance"
        ]
    },
    "Message": "Incorrect guess.",
    "Timestamp": 1763359791.5483334
}
response_status.json updated.


Received Backend2 message:
{
    "Flag": "guess_feedback",
    "SessionID": "cef9fb89-52f8-4e0c-8a31-926e5476aa7f",
    "Username": "guest",
    "Attempts": 4,
    "NextHint": "Plot: Shallow, rich and socially successful Cher is at the top of her Beverly Hills high school's pecking scale. Seeing herself as a matchmaker, Cher first coaxes two teachers into dating each other. Emboldened by her success, she decides to give hopelessly klutzy new student Tai a makeover. When Tai becomes more popular than she is, Cher realizes that her disapproving ex-stepbrother was right about how misguided she was -- and falls for him.",
    "Overlaps": {
        "DirectorMatch": true,
        "SharedActors": [
            "Alicia Silverstone",
            "Stacey Dash",
            "Brittany Murphy"
        ],
        "SharedGenres": [
            "Comedy",
            "Romance"
        ]
    },
    "Message": "Incorrect guess.",
    "Timestamp": 1763359797.9500592
}
response_status.json updated.


Received Backend2 message:
{
    "Flag": "game_over",
    "SessionID": "cef9fb89-52f8-4e0c-8a31-926e5476aa7f",
    "Username": "guest",
    "Attempts": 5,
    "Message": "Correct! The movie was Clueless",
    "Timestamp": 1763359819.4062166
}
response_status.json updated.


Received Backend2 message:
{
    "Flag": "game_started",
    "SessionID": "cef9fb89-52f8-4e0c-8a31-926e5476aa7f",
    "Username": "guest",
    "Message": "Game started!",
    "Poster": "https://image.tmdb.org/t/p/w500/8AwVTcgpTnmeOs4TdTWqcFDXEsA.jpg",
    "Timestamp": 1763359831.1262946
}
response_status.json updated.


Received Backend2 message:
{
    "Flag": "guess_feedback",
    "SessionID": "cef9fb89-52f8-4e0c-8a31-926e5476aa7f",
    "Username": "guest",
    "Attempts": 1,
    "NextHint": "Director: Amy Heckerling",
    "Overlaps": {
        "DirectorMatch": true,
        "SharedActors": [],
        "SharedGenres": []
    },
    "Message": "Incorrect guess.",
    "Timestamp": 1763359839.6750782
}
response_status.json updated.


Received Backend2 message:
{
    "Flag": "guess_feedback",
    "SessionID": "cef9fb89-52f8-4e0c-8a31-926e5476aa7f",
    "Username": "guest",
    "Attempts": 2,
    "NextHint": "Actor: Alicia Silverstone",
    "Overlaps": {
        "DirectorMatch": true,
        "SharedActors": [
            "Alicia Silverstone",
            "Stacey Dash",
            "Brittany Murphy"
        ],
        "SharedGenres": [
            "Comedy"
        ]
    },
    "Message": "Incorrect guess.",
    "Timestamp": 1763359842.5908787
}
response_status.json updated.


Received Backend2 message:
{
    "Flag": "guess_feedback",
    "SessionID": "cef9fb89-52f8-4e0c-8a31-926e5476aa7f",
    "Username": "guest",
    "Attempts": 3,
    "NextHint": "Tagline: Sex. Clothes. Popularity. Is there a problem here?",
    "Overlaps": {
        "DirectorMatch": true,
        "SharedActors": [
            "Alicia Silverstone",
            "Stacey Dash",
            "Brittany Murphy"
        ],
        "SharedGenres": [
            "Comedy",
            "Romance"
        ]
    },
    "Message": "Incorrect guess.",
    "Timestamp": 1763359853.6932554
}
response_status.json updated.


Received Backend2 message:
{
    "Flag": "guess_feedback",
    "SessionID": "cef9fb89-52f8-4e0c-8a31-926e5476aa7f",
    "Username": "guest",
    "Attempts": 4,
    "NextHint": "Plot: Shallow, rich and socially successful Cher is at the top of her Beverly Hills high school's pecking scale. Seeing herself as a matchmaker, Cher first coaxes two teachers into dating each other. Emboldened by her success, she decides to give hopelessly klutzy new student Tai a makeover. When Tai becomes more popular than she is, Cher realizes that her disapproving ex-stepbrother was right about how misguided she was -- and falls for him.",
    "Overlaps": {
        "DirectorMatch": true,
        "SharedActors": [
            "Alicia Silverstone",
            "Stacey Dash",
            "Brittany Murphy"
        ],
        "SharedGenres": [
            "Comedy",
            "Romance"
        ]
    },
    "Message": "Incorrect guess.",
    "Timestamp": 1763359865.0080984
}
response_status.json updated.


Received Backend2 message:
{
    "Flag": "game_over",
    "SessionID": "cef9fb89-52f8-4e0c-8a31-926e5476aa7f",
    "Username": "guest",
    "Attempts": 5,
    "Message": "Correct! The movie was Clueless",
    "Timestamp": 1763359877.803388
}
response_status.json updated.

Connecting to RabbitMQ at 100.113.228.22:5672...
Listening on queue 'BACKEND2_TO_FRONT'...


Received Backend2 message:
{
    "Flag": "game_started",
    "SessionID": "c85ac893-92df-450d-8951-abb8060d4020",
    "Username": "guest",
    "Message": "Game started. First hint appears after your first incorrect guess.",
    "Poster": "https://image.tmdb.org/t/p/w500/eH6pRwiSfPSsheZavFNMkmLbDEI.jpg",
    "Timestamp": 1763411130.606785
}
response_status.json updated.


Received Backend2 message:
{
    "Flag": "guess_feedback",
    "SessionID": "c85ac893-92df-450d-8951-abb8060d4020",
    "Username": "guest",
    "Attempts": 1,
    "Message": "\u274c Incorrect guess. Try again!",
    "NextHint": "Director: Steven R. Monroe",
    "Overlaps": {
        "DirectorMatch": true,
        "SharedActors": [],
        "SharedGenres": [
            "Action"
        ]
    },
    "Timestamp": 1763411130.6092498
}
response_status.json updated.


Received Backend2 message:
{
    "Flag": "guess_feedback",
    "SessionID": "c85ac893-92df-450d-8951-abb8060d4020",
    "Username": "guest",
    "Attempts": 2,
    "Message": "\u274c Incorrect guess. Try again!",
    "NextHint": "Actor: Nick Chinlund",
    "Overlaps": {
        "DirectorMatch": true,
        "SharedActors": [
            "Nick Chinlund",
            "Erin Karpluk",
            "Barry Corbin"
        ],
        "SharedGenres": [
            "Action"
        ]
    },
    "Timestamp": 1763411130.6112695
}
response_status.json updated.


Received Backend2 message:
{
    "Flag": "game_started",
    "SessionID": "c85ac893-92df-450d-8951-abb8060d4020",
    "Username": "guest",
    "Message": "Game started. First hint appears after your first incorrect guess.",
    "Poster": "https://image.tmdb.org/t/p/w500/eH6pRwiSfPSsheZavFNMkmLbDEI.jpg",
    "Timestamp": 1763411140.4913638
}
response_status.json updated.


Received Backend2 message:
{
    "Flag": "guess_feedback",
    "SessionID": "c85ac893-92df-450d-8951-abb8060d4020",
    "Username": "guest",
    "Attempts": 1,
    "Message": "\u274c Incorrect guess. Try again!",
    "NextHint": "Director: Steven R. Monroe",
    "Overlaps": {
        "DirectorMatch": true,
        "SharedActors": [],
        "SharedGenres": [
            "Science Fiction"
        ]
    },
    "Timestamp": 1763411146.0775797
}
response_status.json updated.

Connecting to RabbitMQ at 100.113.228.22:5672...
Listening on queue 'BACKEND2_TO_FRONT'...


Received Backend2 message:
{
    "Flag": "Register_Allowed",
    "UserID": 44,
    "Message": "User 'lucas' successfully registered.",
    "Timestamp": 1763433679.2021453
}
response_status.json updated.


Received Backend2 message:
{
    "Flag": "Register_Allowed",
    "UserID": 45,
    "Message": "User 'lucas1' successfully registered.",
    "Timestamp": 1763433679.2058914
}
response_status.json updated.


Received Backend2 message:
{
    "Flag": "Register_Failed",
    "Reason": "(2003, \"Can't connect to MySQL server on '127.0.0.1' ([Errno 111] Connection refused)\")",
    "Timestamp": 1763433679.2088363
}
response_status.json updated.


Received Backend2 message:
{
    "Flag": "game_started",
    "SessionID": "b1468a3f-f9ad-4ce9-b9e9-23ec299b1865",
    "Username": "guest",
    "Message": "Game started!",
    "Poster": "https://image.tmdb.org/t/p/w500/8AwVTcgpTnmeOs4TdTWqcFDXEsA.jpg",
    "Timestamp": 1763433824.1111205
}
response_status.json updated.


Received Backend2 message:
{
    "Flag": "game_started",
    "SessionID": "f596a328-f20f-448a-a7ee-36e796e7db12",
    "Username": "guest",
    "Message": "Game started!",
    "Poster": "https://image.tmdb.org/t/p/w500/8AwVTcgpTnmeOs4TdTWqcFDXEsA.jpg",
    "Timestamp": 1763433843.1263645
}
response_status.json updated.

Connecting to RabbitMQ at 100.113.228.22:5672...
Listening on queue 'BACKEND2_TO_FRONT'...

Connecting to RabbitMQ at 100.113.228.22:5672...
Listening on queue 'BACKEND2_TO_FRONT'...


Received Backend2 message:
{
    "Flag": "Register_Failed",
    "Reason": "(2003, \"Can't connect to MySQL server on '127.0.0.1' ([Errno 111] Connection refused)\")",
    "Timestamp": 1763434936.1958196
}
response_status.json updated.


Received Backend2 message:
{
    "Flag": "Register_Allowed",
    "UserID": 46,
    "Message": "User '1user' successfully registered.",
    "Timestamp": 1763435066.0767705
}
response_status.json updated.


Received Backend2 message:
{
    "Flag": "Register_Failed",
    "Reason": "(1062, \"Duplicate entry '1user' for key 'users.username'\")",
    "Timestamp": 1763435079.4084408
}
response_status.json updated.


Received Backend2 message:
{
    "Flag": "Register_Allowed",
    "UserID": 48,
    "Message": "User '2user' successfully registered.",
    "Timestamp": 1763435107.7680461
}
response_status.json updated.


Received Backend2 message:
{
    "Flag": "Register_Failed",
    "Reason": "(1062, \"Duplicate entry '2user' for key 'users.username'\")",
    "Timestamp": 1763435114.0445297
}
response_status.json updated.


Received Backend2 message:
{
    "Flag": "Register_Allowed",
    "UserID": 50,
    "Message": "User '3user' successfully registered.",
    "Timestamp": 1763435149.1791804
}
response_status.json updated.


Received Backend2 message:
{
    "Flag": "Register_Failed",
    "Reason": "(1062, \"Duplicate entry '3user' for key 'users.username'\")",
    "Timestamp": 1763435149.4193678
}
response_status.json updated.


Received Backend2 message:
{
    "Flag": "Register_Failed",
    "Reason": "(1062, \"Duplicate entry '3user' for key 'users.username'\")",
    "Timestamp": 1763435150.7662942
}
response_status.json updated.


Received Backend2 message:
{
    "Flag": "Register_Failed",
    "Reason": "(1062, \"Duplicate entry '3user' for key 'users.username'\")",
    "Timestamp": 1763435151.6940532
}
response_status.json updated.


Received Backend2 message:
{
    "Flag": "Register_Failed",
    "Reason": "(1062, \"Duplicate entry '3user' for key 'users.username'\")",
    "Timestamp": 1763435152.9047034
}
response_status.json updated.


Received Backend2 message:
{
    "Flag": "Register_Failed",
    "Reason": "(1062, \"Duplicate entry '3user' for key 'users.username'\")",
    "Timestamp": 1763435153.7284253
}
response_status.json updated.


Received Backend2 message:
{
    "Flag": "Register_Failed",
    "Reason": "(1062, \"Duplicate entry '3user' for key 'users.username'\")",
    "Timestamp": 1763435154.5099688
}
response_status.json updated.


Received Backend2 message:
{
    "Flag": "Register_Allowed",
    "UserID": 57,
    "Message": "User '4user' successfully registered.",
    "Timestamp": 1763435168.3360252
}
response_status.json updated.


Received Backend2 message:
{
    "Flag": "Register_Failed",
    "Reason": "(1062, \"Duplicate entry '4user' for key 'users.username'\")",
    "Timestamp": 1763435171.3253522
}
response_status.json updated.


Received Backend2 message:
{
    "Flag": "Register_Failed",
    "Reason": "(1062, \"Duplicate entry '4user' for key 'users.username'\")",
    "Timestamp": 1763435227.2463741
}
response_status.json updated.


Received Backend2 message:
{
    "Flag": "Register_Allowed",
    "UserID": 60,
    "Message": "User '5user' successfully registered.",
    "Timestamp": 1763435254.5171425
}
response_status.json updated.


Received Backend2 message:
{
    "Flag": "Register_Failed",
    "Reason": "(1062, \"Duplicate entry '5user' for key 'users.username'\")",
    "Timestamp": 1763435261.333792
}
response_status.json updated.


Received Backend2 message:
{
    "Flag": "Register_Allowed",
    "UserID": 62,
    "Message": "User '6user' successfully registered.",
    "Timestamp": 1763435371.6128428
}
response_status.json updated.


Received Backend2 message:
{
    "Flag": "game_started",
    "SessionID": "f596a328-f20f-448a-a7ee-36e796e7db12",
    "Username": "guest",
    "Message": "Game started!",
    "Poster": "https://image.tmdb.org/t/p/w500/8AwVTcgpTnmeOs4TdTWqcFDXEsA.jpg",
    "Timestamp": 1763435820.5938683
}
response_status.json updated.


Received Backend2 message:
{
    "Flag": "guess_feedback",
    "SessionID": "f596a328-f20f-448a-a7ee-36e796e7db12",
    "Username": "guest",
    "Attempts": 1,
    "NextHint": "Director: Amy Heckerling",
    "Overlaps": {
        "DirectorMatch": true,
        "SharedActors": [],
        "SharedGenres": [
            "Comedy",
            "Romance"
        ]
    },
    "Message": "Incorrect guess.",
    "Timestamp": 1763435827.7923617
}
response_status.json updated.


Received Backend2 message:
{
    "Flag": "guess_feedback",
    "SessionID": "f596a328-f20f-448a-a7ee-36e796e7db12",
    "Username": "guest",
    "Attempts": 2,
    "NextHint": "Actor: Alicia Silverstone",
    "Overlaps": {
        "DirectorMatch": true,
        "SharedActors": [
            "Alicia Silverstone",
            "Stacey Dash",
            "Brittany Murphy"
        ],
        "SharedGenres": [
            "Comedy",
            "Romance"
        ]
    },
    "Message": "Incorrect guess.",
    "Timestamp": 1763435835.470414
}
response_status.json updated.


Received Backend2 message:
{
    "Flag": "guess_feedback",
    "SessionID": "f596a328-f20f-448a-a7ee-36e796e7db12",
    "Username": "guest",
    "Attempts": 3,
    "NextHint": "Tagline: Sex. Clothes. Popularity. Is there a problem here?",
    "Overlaps": {
        "DirectorMatch": true,
        "SharedActors": [
            "Alicia Silverstone",
            "Stacey Dash",
            "Brittany Murphy"
        ],
        "SharedGenres": [
            "Comedy",
            "Romance"
        ]
    },
    "Message": "Incorrect guess.",
    "Timestamp": 1763435839.4439318
}
response_status.json updated.


Received Backend2 message:
{
    "Flag": "guess_feedback",
    "SessionID": "f596a328-f20f-448a-a7ee-36e796e7db12",
    "Username": "guest",
    "Attempts": 4,
    "NextHint": "Plot: Shallow, rich and socially successful Cher is at the top of her Beverly Hills high school's pecking scale. Seeing herself as a matchmaker, Cher first coaxes two teachers into dating each other. Emboldened by her success, she decides to give hopelessly klutzy new student Tai a makeover. When Tai becomes more popular than she is, Cher realizes that her disapproving ex-stepbrother was right about how misguided she was -- and falls for him.",
    "Overlaps": {
        "DirectorMatch": true,
        "SharedActors": [
            "Alicia Silverstone",
            "Stacey Dash",
            "Brittany Murphy"
        ],
        "SharedGenres": [
            "Comedy",
            "Romance"
        ]
    },
    "Message": "Incorrect guess.",
    "Timestamp": 1763435846.0579357
}
response_status.json updated.


Received Backend2 message:
{
    "Flag": "game_lost",
    "SessionID": "f596a328-f20f-448a-a7ee-36e796e7db12",
    "Username": "guest",
    "Attempts": 5,
    "Message": "You lost! The movie was Clueless",
    "Timestamp": 1763435853.442527
}
response_status.json updated.


Received Backend2 message:
{
    "Flag": "Register_Allowed",
    "UserID": 63,
    "Message": "User '7user' successfully registered.",
    "Timestamp": 1763436228.183906
}
response_status.json updated.


Received Backend2 message:
{
    "Flag": "Register_Allowed",
    "UserID": 64,
    "Message": "User '8user' successfully registered.",
    "Timestamp": 1763436228.3156226
}
response_status.json updated.


Received Backend2 message:
{
    "Flag": "Register_Allowed",
    "UserID": 65,
    "Message": "User '10user' successfully registered.",
    "Timestamp": 1763436228.4403522
}
response_status.json updated.


Received Backend2 message:
{
    "Flag": "Login_Accepted",
    "Username": "10user",
    "UserID": 65,
    "SessionID": "90c279a3-ec42-4c5c-bb4b-26ebca4edf3b",
    "Message": "Login successful.",
    "Timestamp": 1763436228.5647142
}
response_status.json updated.


Received Backend2 message:
{
    "Flag": "Login_Denied",
    "Username": "10user",
    "Reason": "(2003, \"Can't connect to MySQL server on '127.0.0.1' ([Errno 111] Connection refused)\")",
    "Timestamp": 1763436228.6868806
}
response_status.json updated.


Received Backend2 message:
{
    "Flag": "Login_Accepted",
    "Username": "10user",
    "UserID": 65,
    "SessionID": "540bad15-1f52-41f7-ba70-9b37a9da1a86",
    "Message": "Login successful.",
    "Timestamp": 1763436228.8112772
}
response_status.json updated.


Received Backend2 message:
{
    "Flag": "Login_Accepted",
    "Username": "10user",
    "UserID": 65,
    "SessionID": "2c7fe0bc-b296-4e4c-a3a8-515c89a18d8a",
    "Message": "Login successful.",
    "Timestamp": 1763436228.9421868
}
response_status.json updated.


Received Backend2 message:
{
    "Flag": "Login_Denied",
    "Username": "10user",
    "Reason": "(2003, \"Can't connect to MySQL server on '127.0.0.1' ([Errno 111] Connection refused)\")",
    "Timestamp": 1763436229.080667
}
response_status.json updated.


Received Backend2 message:
{
    "Flag": "Login_Accepted",
    "Username": "10user",
    "UserID": 65,
    "SessionID": "bfe01bd6-cc27-49f1-9830-a1e3e1ca2afd",
    "Message": "Login successful.",
    "Timestamp": 1763436229.2238116
}
response_status.json updated.


Received Backend2 message:
{
    "Flag": "Login_Denied",
    "Username": "10user",
    "Reason": "(2003, \"Can't connect to MySQL server on '127.0.0.1' ([Errno 111] Connection refused)\")",
    "Timestamp": 1763436229.3497345
}
response_status.json updated.


Received Backend2 message:
{
    "Flag": "Login_Accepted",
    "Username": "10user",
    "UserID": 65,
    "SessionID": "f5d408c1-58e1-448e-b42b-91614fd36d51",
    "Message": "Login successful.",
    "Timestamp": 1763436229.4736063
}
response_status.json updated.


Received Backend2 message:
{
    "Flag": "Login_Accepted",
    "Username": "10user",
    "UserID": 65,
    "SessionID": "a18698d1-eef7-4ea1-b661-3268c1de2b8e",
    "Message": "Login successful.",
    "Timestamp": 1763436229.5925462
}
response_status.json updated.


Received Backend2 message:
{
    "Flag": "Login_Accepted",
    "Username": "10user",
    "UserID": 65,
    "SessionID": "541a25da-f1ad-4822-9f54-7f402b2f3ea7",
    "Message": "Login successful.",
    "Timestamp": 1763436229.7285762
}
response_status.json updated.


Received Backend2 message:
{
    "Flag": "Login_Denied",
    "Username": "10user",
    "Reason": "(2003, \"Can't connect to MySQL server on '127.0.0.1' ([Errno 111] Connection refused)\")",
    "Timestamp": 1763436229.8685446
}
response_status.json updated.


Received Backend2 message:
{
    "Flag": "Login_Accepted",
    "Username": "10user",
    "UserID": 65,
    "SessionID": "cfdbd79b-008e-421a-a576-d3ab2bd801e0",
    "Message": "Login successful.",
    "Timestamp": 1763436230.001166
}
response_status.json updated.


Received Backend2 message:
{
    "Flag": "Login_Accepted",
    "Username": "10user",
    "UserID": 65,
    "SessionID": "08d63637-e2f8-4693-b9fc-3b5ccaf6d4d9",
    "Message": "Login successful.",
    "Timestamp": 1763436230.1316211
}
response_status.json updated.


Received Backend2 message:
{
    "Flag": "Login_Denied",
    "Username": "10user",
    "Reason": "(2003, \"Can't connect to MySQL server on '127.0.0.1' ([Errno 111] Connection refused)\")",
    "Timestamp": 1763436230.2544947
}
response_status.json updated.


Received Backend2 message:
{
    "Flag": "Login_Accepted",
    "Username": "10user",
    "UserID": 65,
    "SessionID": "a41093ca-8c2e-43a1-b6d1-26b3a01fafb0",
    "Message": "Login successful.",
    "Timestamp": 1763436230.3858893
}
response_status.json updated.


Received Backend2 message:
{
    "Flag": "Register_Allowed",
    "UserID": 66,
    "Message": "User '11user' successfully registered.",
    "Timestamp": 1763436230.506762
}
response_status.json updated.


Received Backend2 message:
{
    "Flag": "Register_Failed",
    "Reason": "(2003, \"Can't connect to MySQL server on '127.0.0.1' ([Errno 111] Connection refused)\")",
    "Timestamp": 1763436460.7494152
}
response_status.json updated.


Received Backend2 message:
{
    "Flag": "Login_Accepted",
    "Username": "11user",
    "UserID": 66,
    "SessionID": "c32457db-1afd-4340-82a9-c8941ff1ec6f",
    "Message": "Login successful.",
    "Timestamp": 1763436473.286127
}
response_status.json updated.


Received Backend2 message:
{
    "Flag": "Login_Accepted",
    "Username": "11user",
    "UserID": 66,
    "SessionID": "54d65e30-2ccc-438b-a712-04730f86d616",
    "Message": "Login successful.",
    "Timestamp": 1763436475.825428
}
response_status.json updated.


Received Backend2 message:
{
    "Flag": "Register_Failed",
    "Reason": "(2003, \"Can't connect to MySQL server on '127.0.0.1' ([Errno 111] Connection refused)\")",
    "Timestamp": 1763436737.1584132
}
response_status.json updated.


Received Backend2 message:
{
    "Flag": "Register_Allowed",
    "UserID": 67,
    "Message": "User '12user' successfully registered.",
    "Timestamp": 1763436737.2816973
}
response_status.json updated.


Received Backend2 message:
{
    "Flag": "Register_Allowed",
    "UserID": 68,
    "Message": "User '13user' successfully registered.",
    "Timestamp": 1763436746.0741677
}
response_status.json updated.


Received Backend2 message:
{
    "Flag": "Login_Denied",
    "Username": "13user",
    "Reason": "(2003, \"Can't connect to MySQL server on '127.0.0.1' ([Errno 111] Connection refused)\")",
    "Timestamp": 1763436753.9263642
}
response_status.json updated.


Received Backend2 message:
{
    "Flag": "Login_Accepted",
    "Username": "13user",
    "UserID": 68,
    "SessionID": "7919882d-5891-427e-930d-05dcf66bce92",
    "Message": "Login successful.",
    "Timestamp": 1763436789.3895519
}
response_status.json updated.


Received Backend2 message:
{
    "Flag": "Login_Accepted",
    "Username": "13user",
    "UserID": 68,
    "SessionID": "4f339e4a-edfa-4a0c-9e09-55c04afad397",
    "Message": "Login successful.",
    "Timestamp": 1763436791.1936686
}
response_status.json updated.


Received Backend2 message:
{
    "Flag": "Login_Denied",
    "Username": "12user",
    "Reason": "(2003, \"Can't connect to MySQL server on '127.0.0.1' ([Errno 111] Connection refused)\")",
    "Timestamp": 1763436811.3440619
}
response_status.json updated.


Received Backend2 message:
{
    "Flag": "Login_Accepted",
    "Username": "12user",
    "UserID": 67,
    "SessionID": "1c0fab58-2c7e-499a-a24e-bd0cbab0d724",
    "Message": "Login successful.",
    "Timestamp": 1763436837.3596177
}
response_status.json updated.


Received Backend2 message:
{
    "Flag": "Login_Accepted",
    "Username": "12user",
    "UserID": 67,
    "SessionID": "0d65e1fb-b229-4167-8906-058622952ed6",
    "Message": "Login successful.",
    "Timestamp": 1763436850.629163
}
response_status.json updated.


Received Backend2 message:
{
    "Flag": "Login_Denied",
    "Username": "13user",
    "Reason": "(2003, \"Can't connect to MySQL server on '127.0.0.1' ([Errno 111] Connection refused)\")",
    "Timestamp": 1763436892.5912156
}
response_status.json updated.


Received Backend2 message:
{
    "Flag": "Login_Accepted",
    "Username": "13user",
    "UserID": 68,
    "SessionID": "f1e841ed-5d49-416a-bf02-1aef5ddffd5b",
    "Message": "Login successful.",
    "Timestamp": 1763436948.918884
}
response_status.json updated.


Received Backend2 message:
{
    "Flag": "Login_Accepted",
    "Username": "13user",
    "UserID": 68,
    "SessionID": "74c9dd62-bfa9-4e4c-9e5c-2f8c4b2cc6f1",
    "Message": "Login successful.",
    "Timestamp": 1763437061.7399385
}
response_status.json updated.


Received Backend2 message:
{
    "Flag": "Register_Failed",
    "Reason": "(2003, \"Can't connect to MySQL server on '127.0.0.1' ([Errno 111] Connection refused)\")",
    "Timestamp": 1763437098.5393183
}
response_status.json updated.


Received Backend2 message:
{
    "Flag": "Register_Allowed",
    "UserID": 69,
    "Message": "User '15user' successfully registered.",
    "Timestamp": 1763437378.5890436
}
response_status.json updated.


Received Backend2 message:
{
    "Flag": "Register_Failed",
    "Reason": "(1062, \"Duplicate entry '15user' for key 'users.username'\")",
    "Timestamp": 1763437386.574978
}
response_status.json updated.


Received Backend2 message:
{
    "Flag": "Login_Denied",
    "Username": "15user",
    "Reason": "(2003, \"Can't connect to MySQL server on '127.0.0.1' ([Errno 111] Connection refused)\")",
    "Timestamp": 1763437416.065285
}
response_status.json updated.


Received Backend2 message:
{
    "Flag": "Login_Accepted",
    "Username": "15user",
    "UserID": 69,
    "SessionID": "408e8e2b-56b6-476b-a59b-31618a36438f",
    "Message": "Login successful.",
    "Timestamp": 1763437420.7359433
}
response_status.json updated.


Received Backend2 message:
{
    "Flag": "Login_Accepted",
    "Username": "15user",
    "UserID": 69,
    "SessionID": "9a2b9b2c-5dd5-4eb2-853c-5d54f667ee47",
    "Message": "Login successful.",
    "Timestamp": 1763437423.0211594
}
response_status.json updated.


Received Backend2 message:
{
    "Flag": "Login_Denied",
    "Username": "14user",
    "Reason": "(2003, \"Can't connect to MySQL server on '127.0.0.1' ([Errno 111] Connection refused)\")",
    "Timestamp": 1763437443.4887977
}
response_status.json updated.


Received Backend2 message:
{
    "Flag": "Login_Accepted",
    "Username": "13user",
    "UserID": 68,
    "SessionID": "88a6ab5c-3954-4e48-8481-e42b2bb173f2",
    "Message": "Login successful.",
    "Timestamp": 1763437471.3845658
}
response_status.json updated.


Received Backend2 message:
{
    "Flag": "Login_Accepted",
    "Username": "13user",
    "UserID": 68,
    "SessionID": "15e6c4fa-3f79-46f1-982b-975550fab8b8",
    "Message": "Login successful.",
    "Timestamp": 1763437485.740819
}
response_status.json updated.


Received Backend2 message:
{
    "Flag": "Login_Denied",
    "Username": "14user",
    "Reason": "(2003, \"Can't connect to MySQL server on '127.0.0.1' ([Errno 111] Connection refused)\")",
    "Timestamp": 1763437510.6957526
}
response_status.json updated.


Received Backend2 message:
{
    "Flag": "Register_Failed",
    "Reason": "(1062, \"Duplicate entry '15user' for key 'users.username'\")",
    "Timestamp": 1763437973.8781047
}
response_status.json updated.


Received Backend2 message:
{
    "Flag": "Register_Allowed",
    "UserID": 72,
    "Message": "User '16user' successfully registered.",
    "Timestamp": 1763438000.7411678
}
response_status.json updated.

Connecting to RabbitMQ at 100.113.228.22:5672...
Listening on queue 'BACKEND2_TO_FRONT'...


Received Backend2 message:
{
    "Flag": "Register_Failed",
    "Reason": "(2003, \"Can't connect to MySQL server on '127.0.0.1' ([Errno 111] Connection refused)\")",
    "Timestamp": 1763438068.2928615
}
response_status.json updated atomically.


Received Backend2 message:
{
    "Flag": "Login_Denied",
    "Username": "17user",
    "Reason": "Invalid credentials.",
    "Timestamp": 1763438108.6877172
}
response_status.json updated atomically.


Received Backend2 message:
{
    "Flag": "Login_Denied",
    "Username": "17user",
    "Reason": "Invalid credentials.",
    "Timestamp": 1763438119.9182055
}
response_status.json updated atomically.


Received Backend2 message:
{
    "Flag": "Login_Denied",
    "Username": "17user",
    "Reason": "(2003, \"Can't connect to MySQL server on '127.0.0.1' ([Errno 111] Connection refused)\")",
    "Timestamp": 1763438129.6528633
}
response_status.json updated atomically.


Received Backend2 message:
{
    "Flag": "Login_Denied",
    "Username": "17user",
    "Reason": "Invalid credentials.",
    "Timestamp": 1763438138.8700802
}
response_status.json updated atomically.


Received Backend2 message:
{
    "Flag": "Login_Accepted",
    "Username": "16user",
    "UserID": 72,
    "SessionID": "c9615afc-a15f-441d-80c3-451d315b743f",
    "Message": "Login successful.",
    "Timestamp": 1763438144.211892
}
response_status.json updated atomically.


Received Backend2 message:
{
    "Flag": "Login_Denied",
    "Username": "16user",
    "Reason": "(2003, \"Can't connect to MySQL server on '127.0.0.1' ([Errno 111] Connection refused)\")",
    "Timestamp": 1763438150.1528454
}
response_status.json updated atomically.


Received Backend2 message:
{
    "Flag": "Register_Allowed",
    "UserID": 73,
    "Message": "User '18user' successfully registered.",
    "Timestamp": 1763438260.5624712
}
response_status.json updated atomically.


Received Backend2 message:
{
    "Flag": "Register_Failed",
    "Reason": "(1062, \"Duplicate entry '18user' for key 'users.username'\")",
    "Timestamp": 1763438268.6119883
}
response_status.json updated atomically.


Received Backend2 message:
{
    "Flag": "Login_Denied",
    "Username": "18user",
    "Reason": "(2003, \"Can't connect to MySQL server on '127.0.0.1' ([Errno 111] Connection refused)\")",
    "Timestamp": 1763438280.454103
}
response_status.json updated atomically.


Received Backend2 message:
{
    "Flag": "Login_Accepted",
    "Username": "18user",
    "UserID": 73,
    "SessionID": "2dc27e7d-7c36-4f78-a781-fdd2c763cb5c",
    "Message": "Login successful.",
    "Timestamp": 1763438295.1595242
}
response_status.json updated atomically.


Received Backend2 message:
{
    "Flag": "Login_Accepted",
    "Username": "18user",
    "UserID": 73,
    "SessionID": "0f14467c-250e-45ee-9f79-af89463c74ea",
    "Message": "Login successful.",
    "Timestamp": 1763438321.2210963
}
response_status.json updated atomically.


Received Backend2 message:
{
    "Flag": "Register_Failed",
    "Reason": "(2003, \"Can't connect to MySQL server on '127.0.0.1' ([Errno 111] Connection refused)\")",
    "Timestamp": 1763438453.1553147
}
response_status.json updated atomically.


Received Backend2 message:
{
    "Flag": "Register_Allowed",
    "UserID": 75,
    "Message": "User '20user' successfully registered.",
    "Timestamp": 1763438518.6164021
}
response_status.json updated atomically.


Received Backend2 message:
{
    "Flag": "Register_Allowed",
    "UserID": 76,
    "Message": "User '21user' successfully registered.",
    "Timestamp": 1763438668.4628215
}
response_status.json updated atomically.


Received Backend2 message:
{
    "Flag": "Login_Accepted",
    "Username": "21user",
    "UserID": 76,
    "SessionID": "ff165e34-7c25-42a1-ab12-4364794d785a",
    "Message": "Login successful.",
    "Timestamp": 1763438691.6460345
}
response_status.json updated atomically.


Received Backend2 message:
{
    "Flag": "Register_Allowed",
    "UserID": 77,
    "Message": "User '22user' successfully registered.",
    "Timestamp": 1763438897.7719498
}
response_status.json updated atomically.

Fatal listener error: (320, "CONNECTION_FORCED - broker forced connection closure with reason 'shutdown'")
Connecting to RabbitMQ at 100.113.228.22:5672...
Listening on queue 'BACKEND2_TO_FRONT'...


Received Backend2 message:
{
    "Flag": "Register_Failed",
    "Reason": "(2003, \"Can't connect to MySQL server on '127.0.0.1' ([Errno 111] Connection refused)\")",
    "Timestamp": 1763439468.5256164
}
response_status.json updated atomically.


Received Backend2 message:
{
    "Flag": "Login_Denied",
    "Username": "23user",
    "Reason": "Invalid credentials.",
    "Timestamp": 1763439468.528272
}
response_status.json updated atomically.


Received Backend2 message:
{
    "Flag": "Login_Denied",
    "Username": "23user",
    "Reason": "(2003, \"Can't connect to MySQL server on '127.0.0.1' ([Errno 111] Connection refused)\")",
    "Timestamp": 1763439468.5307796
}
response_status.json updated atomically.


Received Backend2 message:
{
    "Flag": "game_started",
    "SessionID": "f596a328-f20f-448a-a7ee-36e796e7db12",
    "Username": "guest",
    "Message": "Game started!",
    "Poster": "https://image.tmdb.org/t/p/w500/8AwVTcgpTnmeOs4TdTWqcFDXEsA.jpg",
    "Timestamp": 1763439468.532845
}
response_status.json updated atomically.


Received Backend2 message:
{
    "Flag": "guess_feedback",
    "SessionID": "f596a328-f20f-448a-a7ee-36e796e7db12",
    "Username": "guest",
    "Attempts": 1,
    "NextHint": "Director: Amy Heckerling",
    "Overlaps": {
        "DirectorMatch": true,
        "SharedActors": [],
        "SharedGenres": [
            "Comedy",
            "Romance"
        ]
    },
    "Message": "Incorrect guess.",
    "Timestamp": 1763439468.5347795
}
response_status.json updated atomically.


Received Backend2 message:
{
    "Flag": "Register_Allowed",
    "UserID": 78,
    "Message": "User '23user' successfully registered.",
    "Timestamp": 1763439488.89263
}
response_status.json updated atomically.


Received Backend2 message:
{
    "Flag": "Register_Failed",
    "Reason": "(2003, \"Can't connect to MySQL server on '127.0.0.1' ([Errno 111] Connection refused)\")",
    "Timestamp": 1763439495.0778885
}
response_status.json updated atomically.


Received Backend2 message:
{
    "Flag": "Login_Accepted",
    "Username": "23user",
    "UserID": 78,
    "SessionID": "6ab37fd3-a1c4-4058-b09d-82dd2517c611",
    "Message": "Login successful.",
    "Timestamp": 1763439512.5904872
}
response_status.json updated atomically.


Received Backend2 message:
{
    "Flag": "Login_Denied",
    "Username": "23user",
    "Reason": "(2003, \"Can't connect to MySQL server on '127.0.0.1' ([Errno 111] Connection refused)\")",
    "Timestamp": 1763439542.8859394
}
response_status.json updated atomically.


Received Backend2 message:
{
    "Flag": "game_started",
    "SessionID": "f596a328-f20f-448a-a7ee-36e796e7db12",
    "Username": "23user",
    "Message": "Game started!",
    "Poster": "https://image.tmdb.org/t/p/w500/8AwVTcgpTnmeOs4TdTWqcFDXEsA.jpg",
    "Timestamp": 1763439556.1827095
}
response_status.json updated atomically.


Received Backend2 message:
{
    "Flag": "guess_feedback",
    "SessionID": "f596a328-f20f-448a-a7ee-36e796e7db12",
    "Username": "guest",
    "Attempts": 1,
    "NextHint": "Director: Amy Heckerling",
    "Overlaps": {
        "DirectorMatch": true,
        "SharedActors": [],
        "SharedGenres": []
    },
    "Message": "Incorrect guess.",
    "Timestamp": 1763439559.651426
}
response_status.json updated atomically.


Received Backend2 message:
{
    "Flag": "game_started",
    "SessionID": "f596a328-f20f-448a-a7ee-36e796e7db12",
    "Username": "23user",
    "Message": "Game started!",
    "Poster": "https://image.tmdb.org/t/p/w500/8AwVTcgpTnmeOs4TdTWqcFDXEsA.jpg",
    "Timestamp": 1763439604.4138815
}
response_status.json updated atomically.


Received Backend2 message:
{
    "Flag": "guess_feedback",
    "SessionID": "f596a328-f20f-448a-a7ee-36e796e7db12",
    "Username": "guest",
    "Attempts": 1,
    "NextHint": "Director: Amy Heckerling",
    "Overlaps": {
        "DirectorMatch": true,
        "SharedActors": [],
        "SharedGenres": [
            "Comedy",
            "Romance"
        ]
    },
    "Message": "Incorrect guess.",
    "Timestamp": 1763439606.9074025
}
response_status.json updated atomically.


Received Backend2 message:
{
    "Flag": "guess_feedback",
    "SessionID": "f596a328-f20f-448a-a7ee-36e796e7db12",
    "Username": "guest",
    "Attempts": 2,
    "NextHint": "Actor: Alicia Silverstone",
    "Overlaps": {
        "DirectorMatch": true,
        "SharedActors": [
            "Alicia Silverstone",
            "Stacey Dash",
            "Brittany Murphy"
        ],
        "SharedGenres": [
            "Comedy",
            "Romance"
        ]
    },
    "Message": "Incorrect guess.",
    "Timestamp": 1763439609.5158725
}
response_status.json updated atomically.


Received Backend2 message:
{
    "Flag": "guess_feedback",
    "SessionID": "f596a328-f20f-448a-a7ee-36e796e7db12",
    "Username": "guest",
    "Attempts": 3,
    "NextHint": "Tagline: Sex. Clothes. Popularity. Is there a problem here?",
    "Overlaps": {
        "DirectorMatch": true,
        "SharedActors": [
            "Alicia Silverstone",
            "Stacey Dash",
            "Brittany Murphy"
        ],
        "SharedGenres": [
            "Comedy",
            "Romance"
        ]
    },
    "Message": "Incorrect guess.",
    "Timestamp": 1763439611.9154835
}
response_status.json updated atomically.


Received Backend2 message:
{
    "Flag": "game_over",
    "SessionID": "f596a328-f20f-448a-a7ee-36e796e7db12",
    "Username": "guest",
    "Attempts": 4,
    "Message": "Correct! The movie was Clueless",
    "Timestamp": 1763439615.0956044
}
response_status.json updated atomically.

